<?xml version="1.0" encoding="UTF-8"?>
<!-- Generated by org.testng.reporters.JUnitReportReporter -->
<testsuite skipped="0" hostname="DESKTOP-DTSCL5H" name="tests.CreateNewFolderTests" tests="2" failures="0" timestamp="21 Sep 2018 18:41:46 GMT" time="15.568" errors="0">
  <testcase name="createNewFolder" time="7.578" classname="tests.CreateNewFolderTests"/>
  <testcase name="createNewFolder" time="7.990" classname="tests.CreateNewFolderTests"/>
</testsuite> <!-- tests.CreateNewFolderTests -->
