<?xml version="1.0" encoding="UTF-8"?>
<!-- Generated by org.testng.reporters.JUnitReportReporter -->
<testsuite skipped="0" hostname="DESKTOP-DTSCL5H" name="tests.UploadFileTests" tests="1" failures="0" timestamp="21 Sep 2018 18:41:46 GMT" time="11.733" errors="0">
  <testcase name="uploadFile" time="11.733" classname="tests.UploadFileTests"/>
</testsuite> <!-- tests.UploadFileTests -->
