<?xml version="1.0" encoding="UTF-8"?>
<!-- Generated by org.testng.reporters.JUnitReportReporter -->
<testsuite skipped="0" hostname="DESKTOP-DTSCL5H" name="tests.SearchAndDeleteFileTests" tests="2" failures="0" timestamp="21 Sep 2018 18:41:46 GMT" time="14.442" errors="0">
  <testcase name="undoDelete" time="5.608" classname="tests.SearchAndDeleteFileTests"/>
  <testcase name="deleteItem" time="8.834" classname="tests.SearchAndDeleteFileTests"/>
</testsuite> <!-- tests.SearchAndDeleteFileTests -->
