<?xml version="1.0" encoding="UTF-8"?>
<!-- Generated by org.testng.reporters.JUnitReportReporter -->
<testsuite skipped="0" hostname="DESKTOP-DTSCL5H" name="tests.UploadFileTests" tests="1" failures="0" timestamp="17 Sep 2018 21:30:19 GMT" time="5.112" errors="0">
  <testcase name="testAction" time="5.112" classname="tests.UploadFileTests"/>
</testsuite> <!-- tests.UploadFileTests -->
