<?xml version="1.0" encoding="UTF-8"?>
<!-- Generated by org.testng.reporters.JUnitReportReporter -->
<testsuite skipped="0" hostname="DESKTOP-DTSCL5H" name="tests.LoginLogoutTests" tests="5" failures="0" timestamp="21 Sep 2018 18:41:46 GMT" time="47.251" errors="0">
  <testcase name="logIn" time="9.300" classname="tests.LoginLogoutTests"/>
  <testcase name="logIn" time="10.479" classname="tests.LoginLogoutTests"/>
  <testcase name="logOut" time="6.930" classname="tests.LoginLogoutTests"/>
  <testcase name="logIn" time="9.405" classname="tests.LoginLogoutTests"/>
  <testcase name="logIn" time="11.137" classname="tests.LoginLogoutTests"/>
</testsuite> <!-- tests.LoginLogoutTests -->
