<?xml version="1.0" encoding="UTF-8"?>
<!-- Generated by org.testng.reporters.JUnitReportReporter -->
<testsuite skipped="0" hostname="DESKTOP-DTSCL5H" name="tests.LoginLogoutPageTests" tests="1" failures="0" timestamp="17 Sep 2018 21:30:19 GMT" time="3.457" errors="0">
  <testcase name="logIn" time="3.457" classname="tests.LoginLogoutPageTests"/>
</testsuite> <!-- tests.LoginLogoutPageTests -->
