<?xml version="1.0" encoding="UTF-8"?>
<!-- Generated by org.testng.reporters.JUnitReportReporter -->
<testsuite skipped="0" hostname="DESKTOP-DTSCL5H" name="tests.LoginLogoutTests" tests="5" failures="0" timestamp="22 Sep 2018 17:59:21 GMT" time="49.069" errors="0">
  <testcase name="logIn" time="10.279" classname="tests.LoginLogoutTests"/>
  <testcase name="logIn" time="10.531" classname="tests.LoginLogoutTests"/>
  <testcase name="logOut" time="7.293" classname="tests.LoginLogoutTests"/>
  <testcase name="logIn" time="10.643" classname="tests.LoginLogoutTests"/>
  <testcase name="logIn" time="10.323" classname="tests.LoginLogoutTests"/>
</testsuite> <!-- tests.LoginLogoutTests -->
